<?xml version="1.0" encoding="UTF-8"?>
<!-- Generated by org.testng.reporters.JUnitReportReporter -->
<testsuite hostname="IN-DQKC043" failures="0" tests="6" name="btipackage.CheckComment" time="144.701" errors="1" timestamp="08 Jul 2024 12:25:44 GMT" skipped="0">
  <testcase classname="btipackage.CheckComment" name="Testlogin" time="6.924"/>
  <testcase classname="btipackage.CheckComment" name="switchProgram" time="130.972"/>
  <testcase classname="btipackage.CheckComment" name="Managerdropdown" time="4.073"/>
  <testcase classname="btipackage.CheckComment" name="ViewResults" time="0.139"/>
  <testcase classname="btipackage.CheckComment" name="Comments" time="1.362"/>
  <testcase classname="btipackage.CheckComment" name="Export" time="1.231">
    <error message="element click intercepted: Element &lt;glint-dropdown _ngcontent-ng-c2469450831=&quot;&quot; id=&quot;reportExportDropdown&quot; data-id=&quot;exportDropdown&quot; buttonlabel=&quot;Export and Share&quot; buttonclass=&quot;glintButton btnCta btnSlim&quot; vgiconname=&quot;Share&quot; vgiconsize=&quot;20&quot; vgiconvariant=&quot;regular&quot; _nghost-ng-c1820264260=&quot;&quot; class=&quot;ng-star-inserted&quot;&gt;...&lt;/glint-dropdown&gt; is not clickable at point (1117, 16). Other element would receive the click: &lt;ul _ngcontent-ng-c2784457904=&quot;&quot; class=&quot;shortcuts&quot;&gt;...&lt;/ul&gt;
  (Session info: chrome=126.0.6478.127)
Build info: version: &#039;4.19.0&#039;, revision: &#039;5f9cec8963&#039;
System info: os.name: &#039;Windows 10&#039;, os.arch: &#039;amd64&#039;, os.version: &#039;10.0&#039;, java.version: &#039;17.0.11&#039;
Driver info: org.openqa.selenium.chrome.ChromeDriver
Command: [f3aa6e3ec032dacea84d8095f8660609, clickElement {id=f.B6335EA9316040954DBF2C6AAB3A7E33.d.2ED4B535C7338550484569491D65E861.e.97}]
Capabilities {acceptInsecureCerts: false, browserName: chrome, browserVersion: 126.0.6478.127, chrome: {chromedriverVersion: 126.0.6478.126 (d36ace6122e..., userDataDir: C:\Users\vpaulp01\AppData\L...}, fedcm:accounts: true, goog:chromeOptions: {debuggerAddress: localhost:63227}, networkConnectionEnabled: false, pageLoadStrategy: normal, platformName: windows, proxy: Proxy(), se:cdp: ws://localhost:63227/devtoo..., se:cdpVersion: 126.0.6478.127, setWindowRect: true, strictFileInteractability: false, timeouts: {implicit: 0, pageLoad: 300000, script: 30000}, unhandledPromptBehavior: dismiss and notify, webauthn:extension:credBlob: true, webauthn:extension:largeBlob: true, webauthn:extension:minPinLength: true, webauthn:extension:prf: true, webauthn:virtualAuthenticators: true}
Element: [[ChromeDriver: chrome on windows (f3aa6e3ec032dacea84d8095f8660609)] -&gt; xpath: //glint-dropdown[@id =&#039;reportExportDropdown&#039;]]
Session ID: f3aa6e3ec032dacea84d8095f8660609" type="org.openqa.selenium.ElementClickInterceptedException">
      <![CDATA[org.openqa.selenium.ElementClickInterceptedException: element click intercepted: Element <glint-dropdown _ngcontent-ng-c2469450831="" id="reportExportDropdown" data-id="exportDropdown" buttonlabel="Export and Share" buttonclass="glintButton btnCta btnSlim" vgiconname="Share" vgiconsize="20" vgiconvariant="regular" _nghost-ng-c1820264260="" class="ng-star-inserted">...</glint-dropdown> is not clickable at point (1117, 16). Other element would receive the click: <ul _ngcontent-ng-c2784457904="" class="shortcuts">...</ul>
  (Session info: chrome=126.0.6478.127)
Build info: version: '4.19.0', revision: '5f9cec8963'
System info: os.name: 'Windows 10', os.arch: 'amd64', os.version: '10.0', java.version: '17.0.11'
Driver info: org.openqa.selenium.chrome.ChromeDriver
Command: [f3aa6e3ec032dacea84d8095f8660609, clickElement {id=f.B6335EA9316040954DBF2C6AAB3A7E33.d.2ED4B535C7338550484569491D65E861.e.97}]
Capabilities {acceptInsecureCerts: false, browserName: chrome, browserVersion: 126.0.6478.127, chrome: {chromedriverVersion: 126.0.6478.126 (d36ace6122e..., userDataDir: C:\Users\vpaulp01\AppData\L...}, fedcm:accounts: true, goog:chromeOptions: {debuggerAddress: localhost:63227}, networkConnectionEnabled: false, pageLoadStrategy: normal, platformName: windows, proxy: Proxy(), se:cdp: ws://localhost:63227/devtoo..., se:cdpVersion: 126.0.6478.127, setWindowRect: true, strictFileInteractability: false, timeouts: {implicit: 0, pageLoad: 300000, script: 30000}, unhandledPromptBehavior: dismiss and notify, webauthn:extension:credBlob: true, webauthn:extension:largeBlob: true, webauthn:extension:minPinLength: true, webauthn:extension:prf: true, webauthn:virtualAuthenticators: true}
Element: [[ChromeDriver: chrome on windows (f3aa6e3ec032dacea84d8095f8660609)] -> xpath: //glint-dropdown[@id ='reportExportDropdown']]
Session ID: f3aa6e3ec032dacea84d8095f8660609
	at java.base/jdk.internal.reflect.NativeConstructorAccessorImpl.newInstance0(Native Method)
	at java.base/jdk.internal.reflect.NativeConstructorAccessorImpl.newInstance(NativeConstructorAccessorImpl.java:77)
	at java.base/jdk.internal.reflect.DelegatingConstructorAccessorImpl.newInstance(DelegatingConstructorAccessorImpl.java:45)
	at java.base/java.lang.reflect.Constructor.newInstanceWithCaller(Constructor.java:499)
	at java.base/java.lang.reflect.Constructor.newInstance(Constructor.java:480)
	at org.openqa.selenium.remote.ErrorCodec.decode(ErrorCodec.java:167)
	at org.openqa.selenium.remote.codec.w3c.W3CHttpResponseCodec.decode(W3CHttpResponseCodec.java:138)
	at org.openqa.selenium.remote.codec.w3c.W3CHttpResponseCodec.decode(W3CHttpResponseCodec.java:50)
	at org.openqa.selenium.remote.HttpCommandExecutor.execute(HttpCommandExecutor.java:190)
	at org.openqa.selenium.remote.service.DriverCommandExecutor.invokeExecute(DriverCommandExecutor.java:216)
	at org.openqa.selenium.remote.service.DriverCommandExecutor.execute(DriverCommandExecutor.java:174)
	at org.openqa.selenium.remote.RemoteWebDriver.execute(RemoteWebDriver.java:518)
	at org.openqa.selenium.remote.RemoteWebElement.execute(RemoteWebElement.java:223)
	at org.openqa.selenium.remote.RemoteWebElement.click(RemoteWebElement.java:76)
	at btipackage.CheckComment.Export(CheckComment.java:162)
	at java.base/jdk.internal.reflect.NativeMethodAccessorImpl.invoke0(Native Method)
	at java.base/jdk.internal.reflect.NativeMethodAccessorImpl.invoke(NativeMethodAccessorImpl.java:77)
	at java.base/jdk.internal.reflect.DelegatingMethodAccessorImpl.invoke(DelegatingMethodAccessorImpl.java:43)
	at java.base/java.lang.reflect.Method.invoke(Method.java:568)
	at org.testng.internal.MethodInvocationHelper.invokeMethod(MethodInvocationHelper.java:108)
	at org.testng.internal.Invoker.invokeMethod(Invoker.java:661)
	at org.testng.internal.Invoker.invokeTestMethod(Invoker.java:869)
	at org.testng.internal.Invoker.invokeTestMethods(Invoker.java:1193)
	at org.testng.internal.TestMethodWorker.invokeTestMethods(TestMethodWorker.java:126)
	at org.testng.internal.TestMethodWorker.run(TestMethodWorker.java:109)
	at org.testng.TestRunner.privateRun(TestRunner.java:744)
	at org.testng.TestRunner.run(TestRunner.java:602)
	at org.testng.SuiteRunner.runTest(SuiteRunner.java:380)
	at org.testng.SuiteRunner.runSequentially(SuiteRunner.java:375)
	at org.testng.SuiteRunner.privateRun(SuiteRunner.java:340)
	at org.testng.SuiteRunner.run(SuiteRunner.java:289)
	at org.testng.SuiteRunnerWorker.runSuite(SuiteRunnerWorker.java:52)
	at org.testng.SuiteRunnerWorker.run(SuiteRunnerWorker.java:86)
	at org.testng.TestNG.runSuitesSequentially(TestNG.java:1301)
	at org.testng.TestNG.runSuitesLocally(TestNG.java:1226)
	at org.testng.TestNG.runSuites(TestNG.java:1144)
	at org.testng.TestNG.run(TestNG.java:1115)
	at org.testng.remote.AbstractRemoteTestNG.run(AbstractRemoteTestNG.java:115)
	at org.testng.remote.RemoteTestNG.initAndRun(RemoteTestNG.java:293)
	at org.testng.remote.RemoteTestNG.main(RemoteTestNG.java:91)
]]>
    </error>
  </testcase> <!-- Export -->
</testsuite> <!-- btipackage.CheckComment -->
