<?xml version="1.0" encoding="UTF-8"?>
<!-- Generated by org.testng.reporters.JUnitReportReporter -->
<testsuite hostname="IN-DQKC043" failures="0" tests="6" name="btipackage.ViewReports" time="107.440" errors="1" timestamp="03 Jul 2024 09:44:30 GMT" skipped="0">
  <testcase classname="btipackage.ViewReports" name="Testlogin" time="8.096"/>
  <testcase classname="btipackage.ViewReports" name="switchProgram" time="88.744"/>
  <testcase classname="btipackage.ViewReports" name="Managerdropdown" time="4.487"/>
  <testcase classname="btipackage.ViewReports" name="BTIReportTitle" time="1.194"/>
  <testcase classname="btipackage.ViewReports" name="SectionsofBTI" time="0.960"/>
  <testcase classname="btipackage.ViewReports" name="checkManagerdropdown" time="3.959">
    <error message="element click intercepted: Element &lt;vg-icon _ngcontent-ng-c1820264260=&quot;&quot; class=&quot;downIcon ng-star-inserted&quot; _nghost-ng-c1488809128=&quot;&quot; aria-hidden=&quot;true&quot;&gt;...&lt;/vg-icon&gt; is not clickable at point (1021, 142). Other element would receive the click: &lt;div _ngcontent-ng-c1820264260=&quot;&quot; glintbutton=&quot;&quot; role=&quot;combobox&quot; aria-haspopup=&quot;listbox&quot; class=&quot;menuButton glintButton&quot; aria-labelledby=&quot;dropdownTriggerAriaLabel_glintDropdown_991c06d1-ac91-4f60-89bf-3a7fee1df166&quot; aria-expanded=&quot;false&quot; aria-controls=&quot;dropdownMenu_glintDropdown_991c06d1-ac91-4f60-89bf-3a7fee1df166&quot; aria-disabled=&quot;false&quot; id=&quot;dropdownTrigger_glintDropdown_991c06d1-ac91-4f60-89bf-3a7fee1df166&quot; data-id=&quot;dropdownTrigger_glintDropdown_991c06d1-ac91-4f60-89bf-3a7fee1df166&quot; tabindex=&quot;0&quot;&gt;...&lt;/div&gt;
  (Session info: chrome=126.0.6478.127)
Build info: version: &#039;4.19.0&#039;, revision: &#039;5f9cec8963&#039;
System info: os.name: &#039;Windows 10&#039;, os.arch: &#039;amd64&#039;, os.version: &#039;10.0&#039;, java.version: &#039;17.0.11&#039;
Driver info: org.openqa.selenium.chrome.ChromeDriver
Command: [f8eae0d56973553164bee8e103fad648, clickElement {id=f.BDD52600421104803EE8F8DFC50E5D27.d.F29E3D627B9EF8D2FB9494E1DF6BD851.e.106}]
Capabilities {acceptInsecureCerts: false, browserName: chrome, browserVersion: 126.0.6478.127, chrome: {chromedriverVersion: 126.0.6478.126 (d36ace6122e..., userDataDir: C:\Users\vpaulp01\AppData\L...}, fedcm:accounts: true, goog:chromeOptions: {debuggerAddress: localhost:61731}, networkConnectionEnabled: false, pageLoadStrategy: normal, platformName: windows, proxy: Proxy(), se:cdp: ws://localhost:61731/devtoo..., se:cdpVersion: 126.0.6478.127, setWindowRect: true, strictFileInteractability: false, timeouts: {implicit: 0, pageLoad: 300000, script: 30000}, unhandledPromptBehavior: dismiss and notify, webauthn:extension:credBlob: true, webauthn:extension:largeBlob: true, webauthn:extension:minPinLength: true, webauthn:extension:prf: true, webauthn:virtualAuthenticators: true}
Element: [[ChromeDriver: chrome on windows (f8eae0d56973553164bee8e103fad648)] -&gt; xpath: (//vg-icon[@class=&#039;downIcon ng-star-inserted&#039;])[3]]
Session ID: f8eae0d56973553164bee8e103fad648" type="org.openqa.selenium.ElementClickInterceptedException">
      <![CDATA[org.openqa.selenium.ElementClickInterceptedException: element click intercepted: Element <vg-icon _ngcontent-ng-c1820264260="" class="downIcon ng-star-inserted" _nghost-ng-c1488809128="" aria-hidden="true">...</vg-icon> is not clickable at point (1021, 142). Other element would receive the click: <div _ngcontent-ng-c1820264260="" glintbutton="" role="combobox" aria-haspopup="listbox" class="menuButton glintButton" aria-labelledby="dropdownTriggerAriaLabel_glintDropdown_991c06d1-ac91-4f60-89bf-3a7fee1df166" aria-expanded="false" aria-controls="dropdownMenu_glintDropdown_991c06d1-ac91-4f60-89bf-3a7fee1df166" aria-disabled="false" id="dropdownTrigger_glintDropdown_991c06d1-ac91-4f60-89bf-3a7fee1df166" data-id="dropdownTrigger_glintDropdown_991c06d1-ac91-4f60-89bf-3a7fee1df166" tabindex="0">...</div>
  (Session info: chrome=126.0.6478.127)
Build info: version: '4.19.0', revision: '5f9cec8963'
System info: os.name: 'Windows 10', os.arch: 'amd64', os.version: '10.0', java.version: '17.0.11'
Driver info: org.openqa.selenium.chrome.ChromeDriver
Command: [f8eae0d56973553164bee8e103fad648, clickElement {id=f.BDD52600421104803EE8F8DFC50E5D27.d.F29E3D627B9EF8D2FB9494E1DF6BD851.e.106}]
Capabilities {acceptInsecureCerts: false, browserName: chrome, browserVersion: 126.0.6478.127, chrome: {chromedriverVersion: 126.0.6478.126 (d36ace6122e..., userDataDir: C:\Users\vpaulp01\AppData\L...}, fedcm:accounts: true, goog:chromeOptions: {debuggerAddress: localhost:61731}, networkConnectionEnabled: false, pageLoadStrategy: normal, platformName: windows, proxy: Proxy(), se:cdp: ws://localhost:61731/devtoo..., se:cdpVersion: 126.0.6478.127, setWindowRect: true, strictFileInteractability: false, timeouts: {implicit: 0, pageLoad: 300000, script: 30000}, unhandledPromptBehavior: dismiss and notify, webauthn:extension:credBlob: true, webauthn:extension:largeBlob: true, webauthn:extension:minPinLength: true, webauthn:extension:prf: true, webauthn:virtualAuthenticators: true}
Element: [[ChromeDriver: chrome on windows (f8eae0d56973553164bee8e103fad648)] -> xpath: (//vg-icon[@class='downIcon ng-star-inserted'])[3]]
Session ID: f8eae0d56973553164bee8e103fad648
	at java.base/jdk.internal.reflect.NativeConstructorAccessorImpl.newInstance0(Native Method)
	at java.base/jdk.internal.reflect.NativeConstructorAccessorImpl.newInstance(NativeConstructorAccessorImpl.java:77)
	at java.base/jdk.internal.reflect.DelegatingConstructorAccessorImpl.newInstance(DelegatingConstructorAccessorImpl.java:45)
	at java.base/java.lang.reflect.Constructor.newInstanceWithCaller(Constructor.java:499)
	at java.base/java.lang.reflect.Constructor.newInstance(Constructor.java:480)
	at org.openqa.selenium.remote.ErrorCodec.decode(ErrorCodec.java:167)
	at org.openqa.selenium.remote.codec.w3c.W3CHttpResponseCodec.decode(W3CHttpResponseCodec.java:138)
	at org.openqa.selenium.remote.codec.w3c.W3CHttpResponseCodec.decode(W3CHttpResponseCodec.java:50)
	at org.openqa.selenium.remote.HttpCommandExecutor.execute(HttpCommandExecutor.java:190)
	at org.openqa.selenium.remote.service.DriverCommandExecutor.invokeExecute(DriverCommandExecutor.java:216)
	at org.openqa.selenium.remote.service.DriverCommandExecutor.execute(DriverCommandExecutor.java:174)
	at org.openqa.selenium.remote.RemoteWebDriver.execute(RemoteWebDriver.java:518)
	at org.openqa.selenium.remote.RemoteWebElement.execute(RemoteWebElement.java:223)
	at org.openqa.selenium.remote.RemoteWebElement.click(RemoteWebElement.java:76)
	at btipackage.ViewReports.checkManagerdropdown(ViewReports.java:196)
	at java.base/jdk.internal.reflect.NativeMethodAccessorImpl.invoke0(Native Method)
	at java.base/jdk.internal.reflect.NativeMethodAccessorImpl.invoke(NativeMethodAccessorImpl.java:77)
	at java.base/jdk.internal.reflect.DelegatingMethodAccessorImpl.invoke(DelegatingMethodAccessorImpl.java:43)
	at java.base/java.lang.reflect.Method.invoke(Method.java:568)
	at org.testng.internal.MethodInvocationHelper.invokeMethod(MethodInvocationHelper.java:108)
	at org.testng.internal.Invoker.invokeMethod(Invoker.java:661)
	at org.testng.internal.Invoker.invokeTestMethod(Invoker.java:869)
	at org.testng.internal.Invoker.invokeTestMethods(Invoker.java:1193)
	at org.testng.internal.TestMethodWorker.invokeTestMethods(TestMethodWorker.java:126)
	at org.testng.internal.TestMethodWorker.run(TestMethodWorker.java:109)
	at org.testng.TestRunner.privateRun(TestRunner.java:744)
	at org.testng.TestRunner.run(TestRunner.java:602)
	at org.testng.SuiteRunner.runTest(SuiteRunner.java:380)
	at org.testng.SuiteRunner.runSequentially(SuiteRunner.java:375)
	at org.testng.SuiteRunner.privateRun(SuiteRunner.java:340)
	at org.testng.SuiteRunner.run(SuiteRunner.java:289)
	at org.testng.SuiteRunnerWorker.runSuite(SuiteRunnerWorker.java:52)
	at org.testng.SuiteRunnerWorker.run(SuiteRunnerWorker.java:86)
	at org.testng.TestNG.runSuitesSequentially(TestNG.java:1301)
	at org.testng.TestNG.runSuitesLocally(TestNG.java:1226)
	at org.testng.TestNG.runSuites(TestNG.java:1144)
	at org.testng.TestNG.run(TestNG.java:1115)
	at org.testng.remote.AbstractRemoteTestNG.run(AbstractRemoteTestNG.java:115)
	at org.testng.remote.RemoteTestNG.initAndRun(RemoteTestNG.java:293)
	at org.testng.remote.RemoteTestNG.main(RemoteTestNG.java:91)
]]>
    </error>
  </testcase> <!-- checkManagerdropdown -->
</testsuite> <!-- btipackage.ViewReports -->
